# JRE version: Java(TM) SE Runtime Environment (8.0_45-b14) (build 1.8.0_45-b14)
# Java VM: Java HotSpot(TM) 64-Bit Server VM (25.45-b02 mixed mode windows-amd64 compressed oops)
Heap:
 PSYoungGen      total 350720K, used 115177K [0x00000000d5700000, 0x00000000f1a80000, 0x0000000100000000)
  eden space 323584K, 27% used [0x00000000d5700000,0x00000000dacfdb18,0x00000000e9300000)
  from space 27136K, 99% used [0x00000000e9300000,0x00000000ead7cb68,0x00000000ead80000)
  to   space 33280K, 0% used [0x00000000efa00000,0x00000000efa00000,0x00000000f1a80000)
 ParOldGen       total 118784K, used 71745K [0x0000000080400000, 0x0000000087800000, 0x00000000d5700000)
  object space 118784K, 60% used [0x0000000080400000,0x0000000084a10798,0x0000000087800000)
 Metaspace       used 34582K, capacity 34957K, committed 35456K, reserved 1081344K
  class space    used 4327K, capacity 4459K, committed 4480K, reserved 1048576K
GC Heap History (10 events):
Event: 9.852 GC heap before
{Heap before GC invocations=12 (full 1):
 PSYoungGen      total 227840K, used 8389K [0x00000000d5700000, 0x00000000ec180000, 0x0000000100000000)
  eden space 208896K, 0% used [0x00000000d5700000,0x00000000d5700000,0x00000000e2300000)
  from space 18944K, 44% used [0x00000000e2300000,0x00000000e2b31648,0x00000000e3580000)
  to   space 18432K, 0% used [0x00000000eaf80000,0x00000000eaf80000,0x00000000ec180000)
 ParOldGen       total 87552K, used 55171K [0x0000000080400000, 0x0000000085980000, 0x00000000d5700000)
  object space 87552K, 63% used [0x0000000080400000,0x00000000839e0e38,0x0000000085980000)
 Metaspace       used 20884K, capacity 21047K, committed 21296K, reserved 1067008K
  class space    used 2780K, capacity 2849K, committed 2944K, reserved 1048576K
Event: 10.115 GC heap after
Heap after GC invocations=12 (full 1):
 PSYoungGen      total 227840K, used 0K [0x00000000d5700000, 0x00000000ec180000, 0x0000000100000000)
  eden space 208896K, 0% used [0x00000000d5700000,0x00000000d5700000,0x00000000e2300000)
  from space 18944K, 0% used [0x00000000e2300000,0x00000000e2300000,0x00000000e3580000)
  to   space 18432K, 0% used [0x00000000eaf80000,0x00000000eaf80000,0x00000000ec180000)
 ParOldGen       total 118784K, used 54049K [0x0000000080400000, 0x0000000087800000, 0x00000000d5700000)
  object space 118784K, 45% used [0x0000000080400000,0x00000000838c8420,0x0000000087800000)
 Metaspace       used 20884K, capacity 21047K, committed 21296K, reserved 1067008K
  class space    used 2780K, capacity 2849K, committed 2944K, reserved 1048576K
}
Event: 12.942 GC heap before
{Heap before GC invocations=13 (full 1):
 PSYoungGen      total 227840K, used 208896K [0x00000000d5700000, 0x00000000ec180000, 0x0000000100000000)
  eden space 208896K, 100% used [0x00000000d5700000,0x00000000e2300000,0x00000000e2300000)
  from space 18944K, 0% used [0x00000000e2300000,0x00000000e2300000,0x00000000e3580000)
  to   space 18432K, 0% used [0x00000000eaf80000,0x00000000eaf80000,0x00000000ec180000)
 ParOldGen       total 118784K, used 54049K [0x0000000080400000, 0x0000000087800000, 0x00000000d5700000)
  object space 118784K, 45% used [0x0000000080400000,0x00000000838c8420,0x0000000087800000)
 Metaspace       used 24195K, capacity 24435K, committed 24832K, reserved 1071104K
  class space    used 3125K, capacity 3208K, committed 3328K, reserved 1048576K
Event: 12.971 GC heap after
Heap after GC invocations=13 (full 1):
 PSYoungGen      total 282624K, used 18416K [0x00000000d5700000, 0x00000000ec180000, 0x0000000100000000)
  eden space 264192K, 0% used [0x00000000d5700000,0x00000000d5700000,0x00000000e5900000)
  from space 18432K, 99% used [0x00000000eaf80000,0x00000000ec17c288,0x00000000ec180000)
  to   space 23040K, 0% used [0x00000000e9480000,0x00000000e9480000,0x00000000eab00000)
 ParOldGen       total 118784K, used 60636K [0x0000000080400000, 0x0000000087800000, 0x00000000d5700000)
  object space 118784K, 51% used [0x0000000080400000,0x0000000083f37348,0x0000000087800000)
 Metaspace       used 24195K, capacity 24435K, committed 24832K, reserved 1071104K
  class space    used 3125K, capacity 3208K, committed 3328K, reserved 1048576K
}
Event: 15.764 GC heap before
{Heap before GC invocations=14 (full 1):
 PSYoungGen      total 282624K, used 282608K [0x00000000d5700000, 0x00000000ec180000, 0x0000000100000000)
  eden space 264192K, 100% used [0x00000000d5700000,0x00000000e5900000,0x00000000e5900000)
  from space 18432K, 99% used [0x00000000eaf80000,0x00000000ec17c288,0x00000000ec180000)
  to   space 23040K, 0% used [0x00000000e9480000,0x00000000e9480000,0x00000000eab00000)
 ParOldGen       total 118784K, used 60636K [0x0000000080400000, 0x0000000087800000, 0x00000000d5700000)
  object space 118784K, 51% used [0x0000000080400000,0x0000000083f37348,0x0000000087800000)
 Metaspace       used 27557K, capacity 27913K, committed 28288K, reserved 1073152K
  class space    used 3558K, capacity 3701K, committed 3712K, reserved 1048576K
Event: 15.780 GC heap after
Heap after GC invocations=14 (full 1):
 PSYoungGen      total 348160K, used 16647K [0x00000000d5700000, 0x00000000ec500000, 0x0000000100000000)
  eden space 325120K, 0% used [0x00000000d5700000,0x00000000d5700000,0x00000000e9480000)
  from space 23040K, 72% used [0x00000000e9480000,0x00000000ea4c1d38,0x00000000eab00000)
  to   space 24064K, 0% used [0x00000000ead80000,0x00000000ead80000,0x00000000ec500000)
 ParOldGen       total 118784K, used 65914K [0x0000000080400000, 0x0000000087800000, 0x00000000d5700000)
  object space 118784K, 55% used [0x0000000080400000,0x000000008445ebc8,0x0000000087800000)
 Metaspace       used 27557K, capacity 27913K, committed 28288K, reserved 1073152K
  class space    used 3558K, capacity 3701K, committed 3712K, reserved 1048576K
}
Event: 18.637 GC heap before
{Heap before GC invocations=15 (full 1):
 PSYoungGen      total 348160K, used 341767K [0x00000000d5700000, 0x00000000ec500000, 0x0000000100000000)
  eden space 325120K, 100% used [0x00000000d5700000,0x00000000e9480000,0x00000000e9480000)
  from space 23040K, 72% used [0x00000000e9480000,0x00000000ea4c1d38,0x00000000eab00000)
  to   space 24064K, 0% used [0x00000000ead80000,0x00000000ead80000,0x00000000ec500000)
 ParOldGen       total 118784K, used 65914K [0x0000000080400000, 0x0000000087800000, 0x00000000d5700000)
  object space 118784K, 55% used [0x0000000080400000,0x000000008445ebc8,0x0000000087800000)
 Metaspace       used 30528K, capacity 30837K, committed 31360K, reserved 1077248K
  class space    used 3805K, capacity 3927K, committed 3968K, reserved 1048576K
Event: 18.660 GC heap after
Heap after GC invocations=15 (full 1):
 PSYoungGen      total 347648K, used 22629K [0x00000000d5700000, 0x00000000f0e00000, 0x0000000100000000)
  eden space 323584K, 0% used [0x00000000d5700000,0x00000000d5700000,0x00000000e9300000)
  from space 24064K, 94% used [0x00000000ead80000,0x00000000ec399678,0x00000000ec500000)
  to   space 27136K, 0% used [0x00000000e9300000,0x00000000e9300000,0x00000000ead80000)
 ParOldGen       total 118784K, used 65922K [0x0000000080400000, 0x0000000087800000, 0x00000000d5700000)
  object space 118784K, 55% used [0x0000000080400000,0x0000000084460bc8,0x0000000087800000)
 Metaspace       used 30528K, capacity 30837K, committed 31360K, reserved 1077248K
  class space    used 3805K, capacity 3927K, committed 3968K, reserved 1048576K
}
Event: 20.116 GC heap before
{Heap before GC invocations=16 (full 1):
 PSYoungGen      total 347648K, used 346213K [0x00000000d5700000, 0x00000000f0e00000, 0x0000000100000000)
  eden space 323584K, 100% used [0x00000000d5700000,0x00000000e9300000,0x00000000e9300000)
  from space 24064K, 94% used [0x00000000ead80000,0x00000000ec399678,0x00000000ec500000)
  to   space 27136K, 0% used [0x00000000e9300000,0x00000000e9300000,0x00000000ead80000)
 ParOldGen       total 118784K, used 65922K [0x0000000080400000, 0x0000000087800000, 0x00000000d5700000)
  object space 118784K, 55% used [0x0000000080400000,0x0000000084460bc8,0x0000000087800000)
 Metaspace       used 33724K, capacity 34099K, committed 34688K, reserved 1079296K
  class space    used 4241K, capacity 4390K, committed 4480K, reserved 1048576K
Event: 20.143 GC heap after
Heap after GC invocations=16 (full 1):
 PSYoungGen      total 350720K, used 27122K [0x00000000d5700000, 0x00000000f1a80000, 0x0000000100000000)
  eden space 323584K, 0% used [0x00000000d5700000,0x00000000d5700000,0x00000000e9300000)
  from space 27136K, 99% used [0x00000000e9300000,0x00000000ead7cb68,0x00000000ead80000)
  to   space 33280K, 0% used [0x00000000efa00000,0x00000000efa00000,0x00000000f1a80000)
 ParOldGen       total 118784K, used 71745K [0x0000000080400000, 0x0000000087800000, 0x00000000d5700000)
  object space 118784K, 60% used [0x0000000080400000,0x0000000084a10798,0x0000000087800000)
 Metaspace       used 33724K, capacity 34099K, committed 34688K, reserved 1079296K
  class space    used 4241K, capacity 4390K, committed 4480K, reserved 1048576K
}

